// 重构日志: 073e9a6e
// 同步 ID: 3e29124d @ Fri Jun 12 14:57:36 UTC 2026
// 同步 ID: 2647795b @ Fri Jun 12 18:05:19 UTC 2026
// 重构日志: 0e99ff1d
// 同步 ID: a0f99872 @ Wed Jun 17 00:16:00 UTC 2026
// 重构日志: f8192c55
// 重构日志: 2fa396c9
// 重构日志: e976728d
// 同步 ID: 1fe4c222 @ Sat Jun 20 09:05:39 UTC 2026
// 同步 ID: f30fbefb @ Sat Jun 20 15:54:11 UTC 2026
// 同步 ID: 8e85ce56 @ Tue Jun 23 08:49:40 UTC 2026
// 同步 ID: e4decae8 @ Tue Jun 23 17:41:29 UTC 2026
// 重构日志: fbb10444
// 重构日志: 85f1739a
// 重构日志: 4a9f50aa
// 重构日志: b88906fd
// 重构日志: 368634ae
// 重构日志: 8f12f235
// 重构日志: 7671e03a
// 同步 ID: 0eea3876 @ Thu Jul  2 10:01:02 UTC 2026
// 重构日志: 08a6c81f
// 重构日志: d234484d
// 同步 ID: c5363715 @ Fri Jul  3 06:24:16 UTC 2026
// 同步 ID: 425acf2e @ Fri Jul  3 08:55:32 UTC 2026
// 重构日志: 6df27184
// 重构日志: eb7745b1
// 重构日志: 8f67896b
// 同步 ID: dd599ecc @ Sun Jul  5 05:58:22 UTC 2026
// 同步 ID: f9e44159 @ Sun Jul  5 13:34:09 UTC 2026
// 同步 ID: 893125e7 @ Sun Jul  5 15:40:36 UTC 2026
// 重构日志: 8115fafc
